c:\proj\mesheditor-master\mesheditor-master\x64\debug\utilities.pdb
c:\proj\mesheditor-master\mesheditor-master\x64\debug\utilities.idb
c:\proj\mesheditor-master\mesheditor-master\utilities\x64\debug\meshslicer.obj
c:\proj\mesheditor-master\mesheditor-master\utilities\x64\debug\hyperboliccoveringspace.obj
c:\proj\mesheditor-master\mesheditor-master\utilities\x64\debug\euclideancoveringspace.obj
c:\proj\mesheditor-master\mesheditor-master\utilities\x64\debug\pointsphere.obj
c:\proj\mesheditor-master\mesheditor-master\utilities\x64\debug\stringparser.obj
c:\proj\mesheditor-master\mesheditor-master\utilities\x64\debug\meshmerger.obj
c:\proj\mesheditor-master\mesheditor-master\utilities\x64\debug\meshmarker.obj
c:\proj\mesheditor-master\mesheditor-master\utilities\x64\debug\meshformconverter.obj
c:\proj\mesheditor-master\mesheditor-master\utilities\x64\debug\linecylinder.obj
c:\proj\mesheditor-master\mesheditor-master\utilities\x64\debug\hyperbolicgeometry.obj
c:\proj\mesheditor-master\mesheditor-master\utilities\x64\debug\euclideangeometry2d.obj
c:\proj\mesheditor-master\mesheditor-master\utilities\x64\debug\circle.obj
c:\proj\mesheditor-master\mesheditor-master\utilities\x64\debug\dijkstra.obj
c:\proj\mesheditor-master\mesheditor-master\x64\debug\utilities.lib
c:\proj\mesheditor\utilities\x64\debug\circle.obj
c:\proj\mesheditor\utilities\x64\debug\dijkstra.obj
c:\proj\mesheditor\utilities\x64\debug\euclideancoveringspace.obj
c:\proj\mesheditor\utilities\x64\debug\euclideangeometry2d.obj
c:\proj\mesheditor\utilities\x64\debug\hyperboliccoveringspace.obj
c:\proj\mesheditor\utilities\x64\debug\hyperbolicgeometry.obj
c:\proj\mesheditor\utilities\x64\debug\linecylinder.obj
c:\proj\mesheditor\utilities\x64\debug\meshformconverter.obj
c:\proj\mesheditor\utilities\x64\debug\meshmarker.obj
c:\proj\mesheditor\utilities\x64\debug\meshmerger.obj
c:\proj\mesheditor\utilities\x64\debug\meshslicer.obj
c:\proj\mesheditor\utilities\x64\debug\pointsphere.obj
c:\proj\mesheditor\utilities\x64\debug\stringparser.obj
c:\proj\mesheditor\utilities\x64\debug\euclideangeometry2d.obj.enc
c:\proj\mesheditor\utilities\x64\debug\utilities.idb
c:\proj\mesheditor\utilities\x64\debug\utilities.pdb
c:\proj\mesheditor\x64\debug\utilities.pdb
c:\proj\mesheditor\x64\debug\utilities.lib
c:\proj\mesheditor\utilities\x64\debug\utilities.tlog\cl.command.1.tlog
c:\proj\mesheditor\utilities\x64\debug\utilities.tlog\cl.items.tlog
c:\proj\mesheditor\utilities\x64\debug\utilities.tlog\cl.read.1.tlog
c:\proj\mesheditor\utilities\x64\debug\utilities.tlog\cl.write.1.tlog
c:\proj\mesheditor\utilities\x64\debug\utilities.tlog\lib-link.read.1.tlog
c:\proj\mesheditor\utilities\x64\debug\utilities.tlog\lib-link.write.1.tlog
c:\proj\mesheditor\utilities\x64\debug\utilities.tlog\lib.command.1.tlog
