c:\code\graphics\graphicsproject\code\viewer\x64\release\vc141.pdb
c:\code\graphics\graphicsproject\code\viewer\x64\release\main.obj
c:\code\graphics\graphicsproject\code\viewer\x64\release\guiviewer.obj
c:\code\mesheditor\viewer\x64\release\vc141.pdb
c:\code\mesheditor\viewer\x64\release\guiviewer.obj
c:\code\mesheditor\viewer\x64\release\main.obj
c:\proj\mesheditor-master\mesheditor-master\viewer\x64\release\vc143.pdb
c:\proj\mesheditor-master\mesheditor-master\viewer\x64\release\main.obj
c:\proj\mesheditor-master\mesheditor-master\viewer\x64\release\guiviewer.obj
c:\code\graphics\graphicsproject\code\x64\release\viewer.exe
c:\code\graphics\graphicsproject\code\x64\release\viewer.pdb
c:\code\mesheditor\x64\release\viewer.exe
c:\code\mesheditor\x64\release\viewer.pdb
c:\code\graphics\graphicsproject\code\x64\release\viewer.lib
c:\code\graphics\graphicsproject\code\x64\release\viewer.exp
c:\code\graphics\graphicsproject\code\x64\release\viewer.ipdb
c:\code\graphics\graphicsproject\code\x64\release\viewer.iobj
c:\code\mesheditor\x64\release\viewer.lib
c:\code\mesheditor\x64\release\viewer.exp
c:\code\mesheditor\x64\release\viewer.ipdb
c:\code\mesheditor\x64\release\viewer.iobj
c:\proj\mesheditor-master\mesheditor-master\viewer\x64\release\vc141.pdb
c:\proj\mesheditor-master\mesheditor-master\x64\release\viewer.pdb
c:\proj\mesheditor-master\mesheditor-master\viewer\x64\release\viewer.tlog\cl.command.1.tlog
c:\proj\mesheditor-master\mesheditor-master\viewer\x64\release\viewer.tlog\cl.read.1.tlog
c:\proj\mesheditor-master\mesheditor-master\viewer\x64\release\viewer.tlog\cl.write.1.tlog
c:\proj\mesheditor-master\mesheditor-master\viewer\x64\release\viewer.tlog\link.command.1.tlog
c:\proj\mesheditor-master\mesheditor-master\viewer\x64\release\viewer.tlog\link.delete.1.tlog
c:\proj\mesheditor-master\mesheditor-master\viewer\x64\release\viewer.tlog\link.read.1.tlog
c:\proj\mesheditor-master\mesheditor-master\viewer\x64\release\viewer.tlog\link.write.1.tlog
c:\proj\mesheditor-master\mesheditor-master\viewer\x64\release\viewer.tlog\viewer.write.1u.tlog
