c:\proj\mesheditor-master\mesheditor-master\viewer\x64\debug\vc143.pdb
c:\proj\mesheditor-master\mesheditor-master\viewer\x64\debug\vc143.idb
c:\proj\mesheditor-master\mesheditor-master\viewer\x64\debug\guiviewer.obj
c:\proj\mesheditor-master\mesheditor-master\viewer\x64\debug\main.obj
c:\proj\mesheditor-master\mesheditor-master\x64\debug\viewer.lib
c:\proj\mesheditor-master\mesheditor-master\x64\debug\viewer.exp
c:\code\graphics\graphicsproject\code\x64\debug\viewer.lib
c:\code\graphics\graphicsproject\code\x64\debug\viewer.exp
c:\code\mesheditor\x64\debug\viewer.lib
c:\code\mesheditor\x64\debug\viewer.exp
c:\proj\mesheditor\viewer\x64\debug\guiviewer.obj
c:\proj\mesheditor\viewer\x64\debug\main.obj
c:\proj\mesheditor\viewer\x64\debug\viewer.ilk
c:\proj\mesheditor\viewer\x64\debug\vc141.idb
c:\proj\mesheditor\viewer\x64\debug\vc143.idb
c:\proj\mesheditor\viewer\x64\debug\vc141.pdb
c:\proj\mesheditor\viewer\x64\debug\vc143.pdb
c:\proj\mesheditor\x64\debug\viewer.pdb
c:\proj\mesheditor\x64\debug\viewer.exe
c:\proj\mesheditor\x64\debug\viewer.ilk
c:\proj\mesheditor\viewer\x64\debug\viewer.tlog\cl.command.1.tlog
c:\proj\mesheditor\viewer\x64\debug\viewer.tlog\cl.items.tlog
c:\proj\mesheditor\viewer\x64\debug\viewer.tlog\cl.read.1.tlog
c:\proj\mesheditor\viewer\x64\debug\viewer.tlog\cl.write.1.tlog
c:\proj\mesheditor\viewer\x64\debug\viewer.tlog\link-cvtres.read.1.tlog
c:\proj\mesheditor\viewer\x64\debug\viewer.tlog\link-cvtres.write.1.tlog
c:\proj\mesheditor\viewer\x64\debug\viewer.tlog\link-rc.read.1.tlog
c:\proj\mesheditor\viewer\x64\debug\viewer.tlog\link-rc.write.1.tlog
c:\proj\mesheditor\viewer\x64\debug\viewer.tlog\link.37736-cvtres.read.1.tlog
c:\proj\mesheditor\viewer\x64\debug\viewer.tlog\link.37736-cvtres.write.1.tlog
c:\proj\mesheditor\viewer\x64\debug\viewer.tlog\link.37736-rc.read.1.tlog
c:\proj\mesheditor\viewer\x64\debug\viewer.tlog\link.37736-rc.write.1.tlog
c:\proj\mesheditor\viewer\x64\debug\viewer.tlog\link.37736.read.1.tlog
c:\proj\mesheditor\viewer\x64\debug\viewer.tlog\link.37736.read.2.tlog
c:\proj\mesheditor\viewer\x64\debug\viewer.tlog\link.37736.write.1.tlog
c:\proj\mesheditor\viewer\x64\debug\viewer.tlog\link.command.1.tlog
c:\proj\mesheditor\viewer\x64\debug\viewer.tlog\link.read.1.tlog
c:\proj\mesheditor\viewer\x64\debug\viewer.tlog\link.read.2.tlog
c:\proj\mesheditor\viewer\x64\debug\viewer.tlog\link.write.1.tlog
c:\proj\mesheditor\viewer\x64\debug\viewer.tlog\link.write.2u.tlog
c:\proj\mesheditor\viewer\x64\debug\viewer.tlog\viewer.write.1u.tlog
