c:\proj\mesheditor-master\mesheditor-master\x64\release\utilities.pdb
c:\proj\mesheditor-master\mesheditor-master\utilities\x64\release\meshslicer.obj
c:\proj\mesheditor-master\mesheditor-master\utilities\x64\release\hyperboliccoveringspace.obj
c:\proj\mesheditor-master\mesheditor-master\utilities\x64\release\euclideancoveringspace.obj
c:\proj\mesheditor-master\mesheditor-master\utilities\x64\release\pointsphere.obj
c:\proj\mesheditor-master\mesheditor-master\utilities\x64\release\stringparser.obj
c:\proj\mesheditor-master\mesheditor-master\utilities\x64\release\meshmerger.obj
c:\proj\mesheditor-master\mesheditor-master\utilities\x64\release\meshmarker.obj
c:\proj\mesheditor-master\mesheditor-master\utilities\x64\release\meshformconverter.obj
c:\proj\mesheditor-master\mesheditor-master\utilities\x64\release\linecylinder.obj
c:\proj\mesheditor-master\mesheditor-master\utilities\x64\release\hyperbolicgeometry.obj
c:\proj\mesheditor-master\mesheditor-master\utilities\x64\release\euclideangeometry2d.obj
c:\proj\mesheditor-master\mesheditor-master\utilities\x64\release\circle.obj
c:\proj\mesheditor-master\mesheditor-master\utilities\x64\release\dijkstra.obj
c:\proj\mesheditor-master\mesheditor-master\x64\release\utilities.lib
c:\proj\mesheditor-master\mesheditor-master\utilities\x64\release\utilities.pdb
c:\proj\mesheditor-master\mesheditor-master\utilities\x64\release\utilities.tlog\cl.command.1.tlog
c:\proj\mesheditor-master\mesheditor-master\utilities\x64\release\utilities.tlog\cl.items.tlog
c:\proj\mesheditor-master\mesheditor-master\utilities\x64\release\utilities.tlog\cl.read.1.tlog
c:\proj\mesheditor-master\mesheditor-master\utilities\x64\release\utilities.tlog\cl.write.1.tlog
c:\proj\mesheditor-master\mesheditor-master\utilities\x64\release\utilities.tlog\lib-link.read.1.tlog
c:\proj\mesheditor-master\mesheditor-master\utilities\x64\release\utilities.tlog\lib-link.write.1.tlog
c:\proj\mesheditor-master\mesheditor-master\utilities\x64\release\utilities.tlog\lib.command.1.tlog
