  Dijkstra.cpp
  Circle.cpp
  EuclideanGeometry2D.cpp
  HyperbolicGeometry.cpp
  LineCylinder.cpp
C:\proj\MeshEditor-master\MeshEditor-master\Utilities\src\LineCylinder.cpp(11,19): warning C4244: “初始化”: 从“__int64”转换到“int”，可能丢失数据
  MeshFormConverter.cpp
C:\proj\MeshEditor-master\MeshEditor-master\Utilities\src\MeshFormConverter.cpp(5,9): warning C4267: “初始化”: 从“size_t”转换到“int”，可能丢失数据
C:\proj\MeshEditor-master\MeshEditor-master\Utilities\src\MeshFormConverter.cpp(8,9): warning C4267: “初始化”: 从“size_t”转换到“int”，可能丢失数据
C:\proj\MeshEditor-master\MeshEditor-master\Utilities\src\MeshFormConverter.cpp(40,9): warning C4267: “初始化”: 从“size_t”转换到“int”，可能丢失数据
C:\proj\MeshEditor-master\MeshEditor-master\Utilities\src\MeshFormConverter.cpp(43,9): warning C4267: “初始化”: 从“size_t”转换到“int”，可能丢失数据
C:\proj\MeshEditor-master\MeshEditor-master\Utilities\src\MeshFormConverter.cpp(86,9): warning C4267: “初始化”: 从“size_t”转换到“int”，可能丢失数据
C:\proj\MeshEditor-master\MeshEditor-master\Utilities\src\MeshFormConverter.cpp(87,9): warning C4267: “初始化”: 从“size_t”转换到“int”，可能丢失数据
C:\proj\MeshEditor-master\MeshEditor-master\Utilities\src\MeshFormConverter.cpp(110,18): warning C4267: “初始化”: 从“size_t”转换到“int”，可能丢失数据
  MeshMarker.cpp
  MeshMerger.cpp
C:\proj\MeshEditor-master\MeshEditor-master\Utilities\src\MeshMerger.cpp(26,103): warning C4244: “参数”: 从“__int64”转换到“const int”，可能丢失数据
  StringParser.cpp
  PointSphere.cpp
  EuclideanCoveringSpace.cpp
C:\proj\MeshEditor-master\MeshEditor-master\Utilities\src\Topology\EuclideanCoveringSpace.cpp(27,15): warning C4267: “初始化”: 从“size_t”转换到“int”，可能丢失数据
C:\proj\MeshEditor-master\MeshEditor-master\Utilities\src\Topology\EuclideanCoveringSpace.cpp(43,92): warning C4244: “参数”: 从“__int64”转换到“const int”，可能丢失数据
  HyperbolicCoveringSpace.cpp
C:\proj\MeshEditor-master\MeshEditor-master\Utilities\src\Topology\HyperbolicCoveringSpace.cpp(30,15): warning C4267: “初始化”: 从“size_t”转换到“int”，可能丢失数据
C:\proj\MeshEditor-master\MeshEditor-master\Utilities\src\Topology\HyperbolicCoveringSpace.cpp(46,92): warning C4244: “参数”: 从“__int64”转换到“const int”，可能丢失数据
  MeshSlicer.cpp
C:\proj\MeshEditor-master\MeshEditor-master\Utilities\src\Topology\MeshSlicer.cpp(26,12): warning C4267: “初始化”: 从“size_t”转换到“int”，可能丢失数据
C:\proj\MeshEditor-master\MeshEditor-master\Utilities\src\Topology\MeshSlicer.cpp(154,14): warning C4267: “初始化”: 从“size_t”转换到“int”，可能丢失数据
  Utilities.vcxproj -> C:\proj\MeshEditor-master\MeshEditor-master\x64\Release\Utilities.lib
